<?xml version="1.0" encoding="UTF-8"?>
<!-- Generated by org.testng.reporters.JUnitReportReporter -->
<testsuite hostname="RAJAKD03" failures="0" tests="1" name="PageObjects.TestWebDriver" time="8.594" errors="0" timestamp="2024-11-16T23:25:11 IST" skipped="0">
  <testcase classname="PageObjects.TestWebDriver" name="test" time="8.594"/>
</testsuite> <!-- PageObjects.TestWebDriver -->
