<?xml version="1.0" encoding="UTF-8"?>
<!-- Generated by org.testng.reporters.JUnitReportReporter -->
<testsuite hostname="RAJAKD03" failures="0" tests="1" name="Package.Test.FunctonalityCheck" time="32.467" errors="0" timestamp="2024-11-24T11:34:50 IST" skipped="0">
  <testcase classname="Package.Test.FunctonalityCheck" name="E2EWebsiteTest" time="32.467"/>
</testsuite> <!-- Package.Test.FunctonalityCheck -->
