<?xml version="1.0" encoding="UTF-8"?>
<!-- Generated by org.testng.reporters.JUnitReportReporter -->
<testsuite hostname="RAJAKD03" failures="0" tests="2" name="Package.Test.ErrorValidations" time="34.486" errors="0" timestamp="2024-11-10T12:25:05 IST" skipped="0">
  <testcase classname="Package.Test.ErrorValidations" name="LoginValidationFailCheck" time="18.133"/>
  <testcase classname="Package.Test.ErrorValidations" name="ProductErrorValidationCart" time="16.353"/>
</testsuite> <!-- Package.Test.ErrorValidations -->
